start thread  0
start thread  1
start thread  2
start thread  3
start thread  4
start thread  5
start thread  6
start thread  7
start thread  8
start thread  9
start thread  10
start thread  11
start thread  12
start thread  13
start thread  14
start thread  15
start thread  16
start thread  17
start thread  18
start thread  19
start thread  20
start thread  21
start thread  22
start thread  23
start thread  24
start thread  25
start thread  26
start thread  27
start thread  28
start thread  29
start thread  30
{
C
H
_
T
}
F
r
1
v
U
0
c
X
_
_
0
r
0
_
i
4
4
c
4
m
n
7
0
3
_
1
3
_
404CTF{cH0iX_nUm3r0_4_v1c701r3}                   
